/Users/xuyehua/Library/Python/3.9/lib/python/site-packages/pytest_asyncio/plugin.py:208: PytestDeprecationWarning: The configuration option "asyncio_default_fixture_loop_scope" is unset.
The event loop scope for asynchronous fixtures will default to the fixture caching scope. Future versions of pytest-asyncio will default the loop scope for asynchronous fixtures to function scope. Set the default fixture loop scope explicitly in order to avoid unexpected behavior in the future. Valid fixture loop scopes are: "function", "class", "module", "package", "session"

  warnings.warn(PytestDeprecationWarning(_DEFAULT_FIXTURE_LOOP_SCOPE_UNSET))
============================= test session starts ==============================
platform darwin -- Python 3.9.6, pytest-8.3.5, pluggy-1.5.0 -- /Applications/Xcode.app/Contents/Developer/usr/bin/python3
cachedir: .pytest_cache
rootdir: /Users/xuyehua/Code/remote-terminal-mcp
plugins: anyio-4.9.0, cov-6.1.1, asyncio-1.0.0
asyncio: mode=strict, asyncio_default_fixture_loop_scope=None, asyncio_default_test_loop_scope=function
collecting ... collected 208 items

python/tests/config_manager/test_io.py::TestConfigIO::test_dummy PASSED  [  0%]
python/tests/tool_connect_server/test_connection_manager_integration.py::test_integration_imports PASSED [  0%]
python/tests/tool_connect_server/test_connection_manager_integration.py::test_manager_creation PASSED [  1%]
python/tests/tool_connect_server/test_connection_manager_integration.py::test_api_backward_compatibility PASSED [  1%]
python/tests/tool_connect_server/test_connection_manager_integration.py::test_mcp_server_compatibility PASSED [  2%]
python/tests/tool_connect_server/test_connection_manager_integration.py::test_simple_mode_parameter PASSED [  2%]
python/tests/tool_connect_server/test_end_to_end.py::test_environment PASSED [  3%]
python/tests/tool_connect_server/test_end_to_end.py::TestEndToEndWorkflow::test_complete_server_setup_workflow PASSED [  3%]
python/tests/tool_connect_server/test_end_to_end.py::TestEndToEndWorkflow::test_docker_setup_workflow PASSED [  4%]
python/tests/tool_connect_server/test_end_to_end.py::TestEndToEndWorkflow::test_mcp_integration_workflow PASSED [  4%]
python/tests/tool_connect_server/test_end_to_end.py::TestUserScenarios::test_configuration_migration_scenario PASSED [  5%]
python/tests/tool_connect_server/test_end_to_end.py::TestUserScenarios::test_multiple_servers_scenario PASSED [  5%]
python/tests/tool_connect_server/test_end_to_end.py::TestUserScenarios::test_new_user_setup_scenario PASSED [  6%]
python/tests/tool_connect_server/test_end_to_end.py::TestErrorHandling::test_invalid_config_handling PASSED [  6%]
python/tests/tool_connect_server/test_end_to_end.py::TestErrorHandling::test_permission_error_handling PASSED [  7%]
python/tests/tool_connect_server/test_fix_complete_interaction_and_process_management_20241222.py::TestCompleteInteractionAndProcessManagement::test_applescript_terminal_cleanup_integration PASSED [  7%]
python/tests/tool_connect_server/test_fix_complete_interaction_and_process_management_20241222.py::TestCompleteInteractionAndProcessManagement::test_complete_applescript_sequence PASSED [  8%]
python/tests/tool_connect_server/test_fix_complete_interaction_and_process_management_20241222.py::TestCompleteInteractionAndProcessManagement::test_complete_expect_sequence PASSED [  8%]
python/tests/tool_connect_server/test_fix_complete_interaction_and_process_management_20241222.py::TestCompleteInteractionAndProcessManagement::test_comprehensive_test_with_process_management PASSED [  9%]
python/tests/tool_connect_server/test_fix_complete_interaction_and_process_management_20241222.py::TestCompleteInteractionAndProcessManagement::test_error_handling_in_process_management PASSED [  9%]
python/tests/tool_connect_server/test_fix_complete_interaction_and_process_management_20241222.py::TestCompleteInteractionAndProcessManagement::test_process_cleanup_functionality PASSED [ 10%]
python/tests/tool_connect_server/test_fix_complete_interaction_and_process_management_20241222.py::TestCompleteInteractionAndProcessManagement::test_process_tracking_mechanism PASSED [ 10%]
python/tests/tool_connect_server/test_fix_complete_interaction_and_process_management_20241222.py::TestCompleteInteractionAndProcessManagement::test_remaining_process_detection PASSED [ 11%]
python/tests/tool_connect_server/test_fix_complete_interaction_and_process_management_20241222.py::TestCompleteInteractionAndProcessManagement::test_temp_file_cleanup_integration PASSED [ 11%]
python/tests/tool_connect_server/test_fix_complete_interaction_and_process_management_20241222.py::TestCompleteInteractionAndProcessManagement::test_terminal_cleanup_functionality PASSED [ 12%]
python/tests/tool_connect_server/test_fix_complete_interaction_and_process_management_20241222.py::TestCompleteInteractionAndProcessManagement::test_timeout_handling_in_interactions PASSED [ 12%]
python/tests/tool_connect_server/test_fix_complete_interaction_and_process_management_20241222.py::TestInteractionSequenceCompleteness::test_all_required_interaction_steps PASSED [ 12%]
python/tests/tool_connect_server/test_fix_interactive_interface_startup_20241222.py::TestInteractiveInterfaceStartupFix::test_automated_interaction_compatibility PASSED [ 13%]
python/tests/tool_connect_server/test_fix_interactive_interface_startup_20241222.py::TestInteractiveInterfaceStartupFix::test_create_server_config_response_format PASSED [ 13%]
python/tests/tool_connect_server/test_fix_interactive_interface_startup_20241222.py::TestInteractiveInterfaceStartupFix::test_manual_command_execution PASSED [ 14%]
python/tests/tool_connect_server/test_fix_interactive_interface_startup_20241222.py::TestInteractiveInterfaceStartupFix::test_no_background_process_started PASSED [ 14%]
python/tests/tool_connect_server/test_fix_interactive_interface_startup_20241222.py::TestInteractiveInterfaceStartupFix::test_response_consistency PASSED [ 15%]
python/tests/tool_connect_server/test_fix_interactive_interface_startup_20241222.py::TestInteractiveInterfaceStartupFix::test_user_guidance_completeness PASSED [ 15%]
python/tests/tool_connect_server/test_fix_interactive_startup_requirement_20241222.py::TestInteractiveStartupRequirement::test_create_server_config_must_start_interactive_interface FAILED [ 16%]
python/tests/tool_connect_server/test_fix_interactive_startup_requirement_20241222.py::TestInteractiveStartupRequirement::test_interactive_startup_failure_diagnosis PASSED [ 16%]
python/tests/tool_connect_server/test_fix_interactive_startup_requirement_20241222.py::TestInteractiveStartupRequirement::test_interactive_startup_with_minimal_params FAILED [ 17%]
python/tests/tool_connect_server/test_fix_mcp_timeout_issue_20240622.py::TestMCPTimeoutFix::test_reproduce_timeout_issue PASSED [ 17%]
python/tests/tool_connect_server/test_fix_mcp_timeout_issue_20240622.py::TestMCPTimeoutFix::test_verify_timeout_mechanism PASSED [ 18%]
python/tests/tool_connect_server/test_fix_mcp_timeout_issue_20240622.py::TestMCPTimeoutFix::test_timeout_parameter_validation PASSED [ 18%]
python/tests/tool_connect_server/test_fix_mcp_timeout_issue_20240622.py::TestMCPTimeoutFix::test_process_cleanup_after_timeout PASSED [ 19%]
python/tests/tool_connect_server/test_fix_mcp_timeout_issue_20240622.py::TestMCPTimeoutFix::test_normal_operation_with_timeout PASSED [ 19%]
python/tests/tool_connect_server/test_fix_mcp_timeout_issue_20240622.py::TestMCPTimeoutFix::test_different_tools_timeout_behavior PASSED [ 20%]
python/tests/tool_connect_server/test_fix_mcp_timeout_issue_20240622.py::TestMCPTimeoutFix::test_timeout_fix_documentation PASSED [ 20%]
python/tests/tool_connect_server/test_fix_relay_cli_usage_20250105.py::TestRelayCLIUsageCompliance::test_code_examples_in_documentation PASSED [ 21%]
python/tests/tool_connect_server/test_fix_relay_cli_usage_20250105.py::TestRelayCLIUsageCompliance::test_correct_relay_cli_usage PASSED [ 21%]
python/tests/tool_connect_server/test_fix_relay_cli_usage_20250105.py::TestRelayCLIUsageCompliance::test_edge_cases PASSED [ 22%]
python/tests/tool_connect_server/test_fix_relay_cli_usage_20250105.py::TestRelayCLIUsageCompliance::test_forbidden_relay_cli_usage PASSED [ 22%]
python/tests/tool_connect_server/test_fix_relay_cli_usage_20250105.py::TestRelayCLIUsageCompliance::test_parse_relay_cli_command PASSED [ 23%]
python/tests/tool_connect_server/test_fix_relay_cli_usage_20250105.py::TestRelayCLIUsageCompliance::test_rule_documentation_compliance PASSED [ 23%]
python/tests/tool_connect_server/test_fix_relay_cli_usage_20250105.py::TestRelayCLIRegressionPrevention::test_correct_usage_still_works PASSED [ 24%]
python/tests/tool_connect_server/test_fix_relay_cli_usage_20250105.py::TestRelayCLIRegressionPrevention::test_prevent_command_parameter_regression PASSED [ 24%]
python/tests/tool_connect_server/test_fix_relay_connection_logic_20250105.py::TestRelayConnectionLogicFix::test_all_fixes_integration PASSED [ 25%]
python/tests/tool_connect_server/test_fix_relay_connection_logic_20250105.py::TestRelayConnectionLogicFix::test_command_execution_enhanced PASSED [ 25%]
python/tests/tool_connect_server/test_fix_relay_connection_logic_20250105.py::TestRelayConnectionLogicFix::test_connection_detection_enhanced PASSED [ 25%]
python/tests/tool_connect_server/test_fix_relay_connection_logic_20250105.py::TestRelayConnectionLogicFix::test_connection_error_logging_enhanced PASSED [ 26%]
python/tests/tool_connect_server/test_fix_relay_connection_logic_20250105.py::TestRelayConnectionLogicFix::test_interactive_guide_relay_patterns PASSED [ 26%]
python/tests/tool_connect_server/test_fix_relay_connection_logic_20250105.py::TestRelayConnectionLogicFix::test_relay_authentication_handler_added PASSED [ 27%]
python/tests/tool_connect_server/test_fix_relay_connection_logic_20250105.py::TestRelayConnectionLogicFix::test_relay_cli_usage_compliance PASSED [ 27%]
python/tests/tool_connect_server/test_fix_relay_connection_logic_20250105.py::TestRelayConnectionSpecific::test_relay_authentication_success_detection PASSED [ 28%]
python/tests/tool_connect_server/test_fix_relay_connection_logic_20250105.py::TestRelayConnectionSpecific::test_relay_authentication_timeout_handling PASSED [ 28%]
python/tests/tool_connect_server/test_fix_tj09_server_creation_20240622.py::TJ09ServerCreationTest::test_tj09_connection_type PASSED [ 29%]
python/tests/tool_connect_server/test_fix_tj09_server_creation_20240622.py::TJ09ServerCreationTest::test_tj09_docker_config PASSED [ 29%]
python/tests/tool_connect_server/test_fix_tj09_server_creation_20240622.py::TJ09ServerCreationTest::test_tj09_server_config PASSED [ 30%]
python/tests/tool_connect_server/test_fix_tj09_server_creation_20240622.py::TJ09ServerCreationTest::test_tj09_server_exists PASSED [ 30%]
python/tests/tool_connect_server/test_fix_tj09_server_creation_20240622.py::TJ09ServerCreationTest::test_tj09_status_check PASSED [ 31%]
python/tests/tool_connect_server/test_fix_user_visible_interaction_20241222.py::TestUserVisibleInteraction::test_background_process_detection PASSED [ 31%]
python/tests/tool_connect_server/test_fix_user_visible_interaction_20241222.py::TestUserVisibleInteraction::test_interactive_interface_accessibility PASSED [ 32%]
python/tests/tool_connect_server/test_fix_user_visible_interaction_20241222.py::TestUserVisibleInteraction::test_process_output_visibility SKIPPED [ 32%]
python/tests/tool_connect_server/test_fix_user_visible_interaction_20241222.py::TestUserVisibleInteraction::test_terminal_window_creation_on_macos SKIPPED [ 33%]
python/tests/tool_connect_server/test_fully_automated_interactive.py::TestFullyAutomatedInteractive::test_guided_setup_docker_server_full_automation FAILED [ 33%]
python/tests/tool_connect_server/test_fully_automated_interactive.py::TestFullyAutomatedInteractive::test_guided_setup_relay_server_full_automation FAILED [ 34%]
python/tests/tool_connect_server/test_fully_automated_interactive.py::TestFullyAutomatedInteractive::test_guided_setup_ssh_server_full_automation FAILED [ 34%]
python/tests/tool_connect_server/test_fully_automated_interactive.py::TestFullyAutomatedInteractive::test_main_menu_automation PASSED [ 35%]
python/tests/tool_connect_server/test_fully_automated_interactive.py::TestFullyAutomatedInteractive::test_smart_input_error_recovery_automation FAILED [ 35%]
python/tests/tool_connect_server/test_fully_automated_interactive.py::TestInputValidationAutomation::test_hostname_validation_automation FAILED [ 36%]
python/tests/tool_connect_server/test_fully_automated_interactive.py::TestInputValidationAutomation::test_port_validation_automation FAILED [ 36%]
python/tests/tool_connect_server/test_mcp_tools.py::TestMCPTools::test_config_file_operations PASSED [ 37%]
python/tests/tool_connect_server/test_mcp_tools.py::TestMCPTools::test_config_manager_tools PASSED [ 37%]
python/tests/tool_connect_server/test_mcp_tools.py::TestMCPTools::test_docker_command_generation PASSED [ 37%]
python/tests/tool_connect_server/test_mcp_tools.py::TestMCPTools::test_docker_config_tools PASSED [ 38%]
python/tests/tool_connect_server/test_mcp_tools.py::TestMCPTools::test_mcp_server_import PASSED [ 38%]
python/tests/tool_connect_server/test_mcp_tools.py::TestMCPTools::test_mcp_tool_availability PASSED [ 39%]
python/tests/tool_connect_server/test_mcp_tools.py::TestMCPTools::test_server_config_creation PASSED [ 39%]
python/tests/tool_connect_server/test_mcp_tools.py::TestConfigurationConsistency::test_config_directory_consistency PASSED [ 40%]
python/tests/tool_connect_server/test_package_integrity.py::TestNPMPackageIntegrity::test_dependencies_installable PASSED [ 40%]
python/tests/tool_connect_server/test_package_integrity.py::TestNPMPackageIntegrity::test_main_entry_file PASSED [ 41%]
python/tests/tool_connect_server/test_package_integrity.py::TestNPMPackageIntegrity::test_package_json_exists PASSED [ 41%]
python/tests/tool_connect_server/test_package_integrity.py::TestNPMPackageIntegrity::test_package_json_structure PASSED [ 42%]
python/tests/tool_connect_server/test_package_integrity.py::TestNPMPackageIntegrity::test_required_python_files PASSED [ 42%]
python/tests/tool_connect_server/test_package_integrity.py::TestNPMPackageIntegrity::test_scripts_configuration PASSED [ 43%]
python/tests/tool_connect_server/test_package_integrity.py::TestNPMPackageInstallation::test_npm_pack_success PASSED [ 43%]
python/tests/tool_connect_server/test_package_integrity.py::TestNPMPackageInstallation::test_package_size_reasonable PASSED [ 44%]
python/tests/tool_connect_server/test_package_integrity.py::TestNPMPackagePublishing::test_npm_publish_dry_run PASSED [ 44%]
python/tests/tool_connect_server/test_package_integrity.py::TestNPMPackagePublishing::test_version_consistency PASSED [ 45%]
python/tests/tool_connect_server/test_regression_prevention.py::TestConfigurationRegression::test_config_directory_consistency PASSED [ 45%]
python/tests/tool_connect_server/test_regression_prevention.py::TestConfigurationRegression::test_config_file_structure PASSED [ 46%]
python/tests/tool_connect_server/test_regression_prevention.py::TestMCPToolsRegression::test_interactive_wizard_functionality PASSED [ 46%]
python/tests/tool_connect_server/test_regression_prevention.py::TestMCPToolsRegression::test_mcp_tools_availability PASSED [ 47%]
python/tests/tool_connect_server/test_regression_prevention.py::TestDockerConfigRegression::test_docker_command_completeness PASSED [ 47%]
python/tests/tool_connect_server/test_regression_prevention.py::TestConfigurationPersistenceRegression::test_ensure_config_exists_preserves_user_config PASSED [ 48%]
python/tests/tool_connect_server/test_regression_prevention.py::TestConfigurationPersistenceRegression::test_get_existing_servers_preserves_user_modifications PASSED [ 48%]
python/tests/tool_connect_server/test_regression_prevention.py::TestConfigurationPersistenceRegression::test_modified_example_server_detection PASSED [ 49%]
python/tests/tool_connect_server/test_regression_prevention.py::TestConfigurationPersistenceRegression::test_npm_installation_protection PASSED [ 49%]
python/tests/tool_connect_server/test_regression_prevention.py::TestUserExperienceRegression::test_configuration_backup PASSED [ 50%]
python/tests/tool_connect_server/test_regression_prevention.py::TestUserExperienceRegression::test_error_messages_quality PASSED [ 50%]
python/tests/tool_connect_server/test_regression_prevention.py::TestAPIConsistency::test_docker_config_manager_api PASSED [ 50%]
python/tests/tool_connect_server/test_regression_prevention.py::TestAPIConsistency::test_enhanced_config_manager_api PASSED [ 51%]
python/tests/tool_connect_server/test_simple_automated_demo.py::TestSimpleAutomationDemo::test_mcp_guided_setup_automation PASSED [ 51%]
python/tests/tool_connect_server/test_simple_automated_demo.py::TestSimpleAutomationDemo::test_multiple_validation_types PASSED [ 52%]
python/tests/tool_connect_server/test_simple_automated_demo.py::TestSimpleAutomationDemo::test_smart_input_basic_automation PASSED [ 52%]
python/tests/tool_connect_server/test_simple_automated_demo.py::TestSimpleAutomationDemo::test_smart_input_error_recovery_automation PASSED [ 53%]
python/tests/tool_connect_server/test_zero_interaction_demo.py::TestZeroInteractionDemo::test_batch_server_creation PASSED [ 53%]
python/tests/tool_connect_server/test_zero_interaction_demo.py::TestZeroInteractionDemo::test_completely_headless_operation PASSED [ 54%]
python/tests/tool_connect_server/test_zero_interaction_demo.py::TestZeroInteractionDemo::test_completely_silent_mcp_setup PASSED [ 54%]
python/tests/tool_connect_server/test_zero_interaction_demo.py::TestZeroInteractionDemo::test_mock_all_interactions_completely PASSED [ 55%]
python/tests/tool_connect_server/test_zero_interaction_demo.py::TestZeroInteractionDemo::test_smart_input_with_defaults PASSED [ 55%]
python/tests/tool_connect_server/test_zero_interaction_demo.py::TestZeroInteractionDemo::test_validation_with_auto_retry PASSED [ 56%]
python/tests/utils/test_helpers.py::test_environment PASSED              [ 56%]
test_enhanced_list.py::test_enhanced_list PASSED                         [ 57%]
test_interactive_config.py::test_force_interactive PASSED                [ 57%]
test_shell_config.py::test_bash_config PASSED                            [ 58%]
test_shell_config.py::test_zsh_config PASSED                             [ 58%]
test_shell_config.py::test_server_configs PASSED                         [ 59%]
tests/tool_add_server_config/test_docker_config.py::TestDockerConfigCollector::test_configure_docker_skip PASSED [ 59%]
tests/tool_add_server_config/test_fix_config_auto_creation_removal_20241222.py::TestConfigAutoCreationRemoval::test_config_directory_creation PASSED [ 60%]
tests/tool_add_server_config/test_fix_config_auto_creation_removal_20241222.py::TestConfigAutoCreationRemoval::test_ensure_config_exists_no_auto_creation PASSED [ 60%]
tests/tool_add_server_config/test_fix_config_auto_creation_removal_20241222.py::TestConfigAutoCreationRemoval::test_ensure_config_exists_with_invalid_config PASSED [ 61%]
tests/tool_add_server_config/test_fix_config_auto_creation_removal_20241222.py::TestConfigAutoCreationRemoval::test_ensure_config_exists_with_valid_config PASSED [ 61%]
tests/tool_add_server_config/test_fix_config_auto_creation_removal_20241222.py::TestConfigAutoCreationRemoval::test_ensure_config_exists_with_yaml_error PASSED [ 62%]
tests/tool_add_server_config/test_fix_config_auto_creation_removal_20241222.py::TestConfigAutoCreationRemoval::test_get_existing_servers_no_config PASSED [ 62%]
tests/tool_add_server_config/test_fix_config_auto_creation_removal_20241222.py::TestConfigAutoCreationRemoval::test_mcp_mode_behavior PASSED [ 62%]
tests/tool_add_server_config/test_fix_save_config_parameter_mismatch_20250615.py::TestSaveConfigParameterFix::test_regression_server_deletion_scenario PASSED [ 63%]
tests/tool_add_server_config/test_fix_save_config_parameter_mismatch_20250615.py::TestSaveConfigParameterFix::test_save_config_parameter_name_consistency PASSED [ 63%]
tests/tool_add_server_config/test_fix_save_config_parameter_mismatch_20250615.py::TestSaveConfigParameterFix::test_save_config_with_merge_false PASSED [ 64%]
tests/tool_add_server_config/test_fix_save_config_parameter_mismatch_20250615.py::TestSaveConfigParameterFix::test_save_config_with_merge_parameter PASSED [ 64%]
tests/tool_add_server_config/test_interaction.py::TestUserInteraction::test_colored_print PASSED [ 65%]
tests/tool_add_server_config/test_interaction.py::TestUserInteraction::test_smart_input_default PASSED [ 65%]
tests/tool_add_server_config/test_interaction.py::TestUserInteraction::test_smart_input_with_mock PASSED [ 66%]
tests/tool_add_server_config/test_interactive_create_server_config.py::test_interactive_create_server_config FAILED [ 66%]
tests/tool_add_server_config/test_interactive_create_server_config_prefill.py::test_interactive_create_server_config_prefill FAILED [ 67%]

=================================== FAILURES ===================================
_ TestInteractiveStartupRequirement.test_create_server_config_must_start_interactive_interface _

self = <python.tests.tool_connect_server.test_fix_interactive_startup_requirement_20241222.TestInteractiveStartupRequirement testMethod=test_create_server_config_must_start_interactive_interface>

    def test_create_server_config_must_start_interactive_interface(self):
        """
        æ ¸å¿ƒæµ‹è¯•ï¼šcreate_server_configå·¥å…·å¿…é¡»å¯åŠ¨äº¤äº’é…ç½®ç•Œé¢
    
        æµ‹è¯•æ­¥éª¤ï¼š
        1. å‡†å¤‡æµ‹è¯•å‚æ•°
        2. è°ƒç”¨launch_cursor_terminal_configæ–¹æ³•
        3. éªŒè¯è¿”å›ç»“æœè¡¨æ˜æˆåŠŸå¯åŠ¨ï¼ˆè€Œä¸æ˜¯æä¾›æ‰‹åŠ¨å‘½ä»¤ï¼‰
        4. éªŒè¯è¿›ç¨‹ç¡®å®åœ¨è¿è¡Œ
        5. éªŒè¯é¢„å¡«å……æ–‡ä»¶å­˜åœ¨ä¸”å†…å®¹æ­£ç¡®
        """
        print("\nğŸ¯ å¼€å§‹æµ‹è¯•ï¼šcreate_server_configå¿…é¡»å¯åŠ¨äº¤äº’é…ç½®ç•Œé¢")
    
        # ç¬¬1æ­¥ï¼šå‡†å¤‡æµ‹è¯•å‚æ•°
        test_params = {
            'name': 'test_interactive_startup',
            'host': 'test.example.com',
            'username': 'testuser',
            'port': 22,
            'connection_type': 'relay',
            'description': 'æµ‹è¯•äº¤äº’å¯åŠ¨åŠŸèƒ½',
            'docker_enabled': True,
            'docker_image': 'ubuntu:20.04',
            'docker_container': 'test_container'
        }
    
        print(f"ğŸ“‹ æµ‹è¯•å‚æ•°: {json.dumps(test_params, ensure_ascii=False, indent=2)}")
    
        # ç¬¬2æ­¥ï¼šè°ƒç”¨é…ç½®ç®¡ç†å™¨çš„å¯åŠ¨æ–¹æ³•
        print("ğŸš€ è°ƒç”¨launch_cursor_terminal_configæ–¹æ³•...")
        try:
            result = self.config_manager.launch_cursor_terminal_config(prefill_params=test_params)
            print(f"ğŸ“„ è¿”å›ç»“æœ: {json.dumps(result, ensure_ascii=False, indent=2)}")
        except Exception as e:
            self.fail(f"âŒ è°ƒç”¨launch_cursor_terminal_configå¤±è´¥: {e}")
    
        # ç¬¬3æ­¥ï¼šéªŒè¯è¿”å›ç»“æœè¡¨æ˜æˆåŠŸå¯åŠ¨
        print("ğŸ” éªŒè¯è¿”å›ç»“æœ...")
    
        # å¿…é¡»è¿”å›æˆåŠŸçŠ¶æ€
        self.assertTrue(result.get('success'),
                       f"âŒ æœŸæœ›è¿”å›success=Trueï¼Œå®é™…å¾—åˆ°: {result.get('success')}")
        print("âœ… è¿”å›çŠ¶æ€ä¸ºæˆåŠŸ")
    
        # å¿…é¡»åŒ…å«æˆåŠŸå¯åŠ¨çš„æ¶ˆæ¯
        message = result.get('message', '')
        self.assertIn('å¯åŠ¨', message,
                     f"âŒ æœŸæœ›æ¶ˆæ¯åŒ…å«'å¯åŠ¨'ï¼Œå®é™…æ¶ˆæ¯: {message}")
        print(f"âœ… æ¶ˆæ¯åŒ…å«å¯åŠ¨ä¿¡æ¯: {message}")
    
        # éªŒè¯è¿”å›äº†å¯åŠ¨æ ‡è¯†ï¼ˆå¯èƒ½æ˜¯è¿›ç¨‹IDæˆ–çª—å£æ ‡è¯†ï¼‰
        process_id = result.get('process_id')
>       self.assertIsNotNone(process_id,
                           "âŒ æœŸæœ›è¿”å›process_idï¼Œä½†ä¸ºNone")
E       AssertionError: unexpectedly None : âŒ æœŸæœ›è¿”å›process_idï¼Œä½†ä¸ºNone

python/tests/tool_connect_server/test_fix_interactive_startup_requirement_20241222.py:124: AssertionError
----------------------------- Captured stdout call -----------------------------

ğŸ¯ å¼€å§‹æµ‹è¯•ï¼šcreate_server_configå¿…é¡»å¯åŠ¨äº¤äº’é…ç½®ç•Œé¢
ğŸ“‹ æµ‹è¯•å‚æ•°: {
  "name": "test_interactive_startup",
  "host": "test.example.com",
  "username": "testuser",
  "port": 22,
  "connection_type": "relay",
  "description": "æµ‹è¯•äº¤äº’å¯åŠ¨åŠŸèƒ½",
  "docker_enabled": true,
  "docker_image": "ubuntu:20.04",
  "docker_container": "test_container"
}
ğŸš€ è°ƒç”¨launch_cursor_terminal_configæ–¹æ³•...
ğŸ“„ è¿”å›ç»“æœ: {
  "success": true,
  "message": "äº¤äº’é…ç½®ç•Œé¢å·²æˆåŠŸå¯åŠ¨",
  "platform": "macOS Terminal",
  "terminal_type": "new_window",
  "prefill_file": "/var/folders/bf/5vrwxdk57qj_37075z07m3dc0000gn/T/tmpn48gw6oe.json"
}
ğŸ” éªŒè¯è¿”å›ç»“æœ...
âœ… è¿”å›çŠ¶æ€ä¸ºæˆåŠŸ
âœ… æ¶ˆæ¯åŒ…å«å¯åŠ¨ä¿¡æ¯: äº¤äº’é…ç½®ç•Œé¢å·²æˆåŠŸå¯åŠ¨
_ TestInteractiveStartupRequirement.test_interactive_startup_with_minimal_params _

self = <python.tests.tool_connect_server.test_fix_interactive_startup_requirement_20241222.TestInteractiveStartupRequirement testMethod=test_interactive_startup_with_minimal_params>

    def test_interactive_startup_with_minimal_params(self):
        """æµ‹è¯•æœ€å°å‚æ•°ä¸‹çš„äº¤äº’å¯åŠ¨"""
        print("\nğŸ¯ å¼€å§‹æµ‹è¯•ï¼šæœ€å°å‚æ•°ä¸‹çš„äº¤äº’å¯åŠ¨")
    
        minimal_params = {
            'name': 'test_minimal',
            'host': 'minimal.test.com',
            'username': 'minimal_user'
        }
    
        result = self.config_manager.launch_cursor_terminal_config(prefill_params=minimal_params)
    
        # éªŒè¯åŸºæœ¬æˆåŠŸæ¡ä»¶
        self.assertTrue(result.get('success'), "æœ€å°å‚æ•°æµ‹è¯•å¤±è´¥")
>       self.assertIsNotNone(result.get('process_id'), "æœ€å°å‚æ•°æµ‹è¯•æœªè¿”å›è¿›ç¨‹ID")
E       AssertionError: unexpectedly None : æœ€å°å‚æ•°æµ‹è¯•æœªè¿”å›è¿›ç¨‹ID

python/tests/tool_connect_server/test_fix_interactive_startup_requirement_20241222.py:211: AssertionError
----------------------------- Captured stdout call -----------------------------

ğŸ¯ å¼€å§‹æµ‹è¯•ï¼šæœ€å°å‚æ•°ä¸‹çš„äº¤äº’å¯åŠ¨
_ TestFullyAutomatedInteractive.test_guided_setup_docker_server_full_automation _

self = <python.tests.tool_connect_server.test_fully_automated_interactive.TestFullyAutomatedInteractive testMethod=test_guided_setup_docker_server_full_automation>

    def test_guided_setup_docker_server_full_automation(self):
        """æµ‹è¯•å®Œå…¨è‡ªåŠ¨åŒ–çš„DockeræœåŠ¡å™¨é…ç½®"""
        # æ¨¡æ‹Ÿç”¨æˆ·è¾“å…¥åºåˆ—ï¼ˆåŒ…å«Dockeré…ç½®ï¼‰
        user_inputs = [
            '1',                    # é€‰æ‹©å¼•å¯¼é…ç½®
            'test-docker-server',   # æœåŠ¡å™¨åç§°
            '192.168.1.101',        # æœåŠ¡å™¨åœ°å€
            'dockeruser',           # ç”¨æˆ·å
            '2222',                 # SSHç«¯å£
            '1',                    # é€‰æ‹©SSHè¿æ¥ç±»å‹
            'Test Docker Server',   # æœåŠ¡å™¨æè¿°
            'y',                    # å¯ç”¨Docker
            'ubuntu:22.04',         # Dockeré•œåƒ
            'test-container',       # å®¹å™¨åç§°
            'y',                    # è‡ªåŠ¨åˆ›å»ºå®¹å™¨
            'y'                     # ç¡®è®¤ä¿å­˜é…ç½®
        ]
        all_inputs = itertools.chain(user_inputs, itertools.repeat('22'))
        def input_side_effect(prompt):
            if "ç«¯å£" in str(prompt) or "port" in str(prompt):
                return "22"
            try:
                return next(all_inputs)
            except StopIteration:
                return ""
        with patch('builtins.input', side_effect=input_side_effect):
            with patch('sys.stdout', new_callable=StringIO) as mock_stdout:
                result = self.config_manager.guided_setup()
    
        # éªŒè¯é…ç½®æˆåŠŸ
        self.assertTrue(result, "Dockerå¼•å¯¼é…ç½®åº”è¯¥æˆåŠŸ")
    
        # éªŒè¯é…ç½®æ–‡ä»¶å†…å®¹
        with open(self.config_file, 'r', encoding='utf-8') as f:
            config = yaml.safe_load(f)
    
>       server_config = config['servers']['test-docker-server']
E       KeyError: 'test-docker-server'

python/tests/tool_connect_server/test_fully_automated_interactive.py:123: KeyError
_ TestFullyAutomatedInteractive.test_guided_setup_relay_server_full_automation _

self = <python.tests.tool_connect_server.test_fully_automated_interactive.TestFullyAutomatedInteractive testMethod=test_guided_setup_relay_server_full_automation>

    def test_guided_setup_relay_server_full_automation(self):
        """æµ‹è¯•å®Œå…¨è‡ªåŠ¨åŒ–çš„RelayæœåŠ¡å™¨é…ç½®"""
        # æ¨¡æ‹Ÿç”¨æˆ·è¾“å…¥åºåˆ—ï¼ˆRelayè¿æ¥ï¼‰
        user_inputs = [
            '1',                        # é€‰æ‹©å¼•å¯¼é…ç½®
            'test-relay-server',        # æœåŠ¡å™¨åç§°
            'internal.server.com',      # æœåŠ¡å™¨åœ°å€
            'relayuser',                # ç”¨æˆ·å
            '22',                       # SSHç«¯å£
            '2',                        # é€‰æ‹©Relayè¿æ¥ç±»å‹
            'internal.server.com',      # Relayç›®æ ‡ä¸»æœº
            'Test Relay Server',        # æœåŠ¡å™¨æè¿°
            'n',                        # ä¸å¯ç”¨Docker
            'y'                         # ç¡®è®¤ä¿å­˜é…ç½®
        ]
        all_inputs = itertools.chain(user_inputs, itertools.repeat('22'))
        def input_side_effect(prompt):
            if "ç«¯å£" in str(prompt) or "port" in str(prompt):
                return "22"
            try:
                return next(all_inputs)
            except StopIteration:
                return ""
        with patch('builtins.input', side_effect=input_side_effect):
            with patch('sys.stdout', new_callable=StringIO) as mock_stdout:
                result = self.config_manager.guided_setup()
    
        # éªŒè¯é…ç½®æˆåŠŸ
        self.assertTrue(result, "Relayå¼•å¯¼é…ç½®åº”è¯¥æˆåŠŸ")
    
        # éªŒè¯é…ç½®æ–‡ä»¶å†…å®¹
        with open(self.config_file, 'r', encoding='utf-8') as f:
            config = yaml.safe_load(f)
    
>       server_config = config['servers']['test-relay-server']
E       KeyError: 'test-relay-server'

python/tests/tool_connect_server/test_fully_automated_interactive.py:171: KeyError
__ TestFullyAutomatedInteractive.test_guided_setup_ssh_server_full_automation __

self = <python.tests.tool_connect_server.test_fully_automated_interactive.TestFullyAutomatedInteractive testMethod=test_guided_setup_ssh_server_full_automation>

    def test_guided_setup_ssh_server_full_automation(self):
        """æµ‹è¯•å®Œå…¨è‡ªåŠ¨åŒ–çš„SSHæœåŠ¡å™¨é…ç½®"""
        # æ¨¡æ‹Ÿç”¨æˆ·è¾“å…¥åºåˆ—
        user_inputs = [
            '1',                    # é€‰æ‹©å¼•å¯¼é…ç½®
            'test-ssh-server',      # æœåŠ¡å™¨åç§°
            '192.168.1.100',        # æœåŠ¡å™¨åœ°å€
            'testuser',             # ç”¨æˆ·å
            '22',                   # SSHç«¯å£
            '1',                    # é€‰æ‹©SSHè¿æ¥ç±»å‹
            'Test SSH Server',      # æœåŠ¡å™¨æè¿°
            'n',                    # ä¸å¯ç”¨Docker
            'y'                     # ç¡®è®¤ä¿å­˜é…ç½®
        ]
        all_inputs = itertools.chain(user_inputs, itertools.repeat('22'))
        def input_side_effect(prompt):
            if "ç«¯å£" in str(prompt) or "port" in str(prompt):
                return "22"
            try:
                return next(all_inputs)
            except StopIteration:
                return ""
        with patch('builtins.input', side_effect=input_side_effect):
            with patch('sys.stdout', new_callable=StringIO) as mock_stdout:
                result = self.config_manager.guided_setup()
    
        # éªŒè¯é…ç½®æˆåŠŸ
        self.assertTrue(result, "å¼•å¯¼é…ç½®åº”è¯¥æˆåŠŸ")
    
        # éªŒè¯é…ç½®æ–‡ä»¶å†…å®¹
        self.assertTrue(self.config_file.exists(), "é…ç½®æ–‡ä»¶åº”è¯¥è¢«åˆ›å»º")
    
        with open(self.config_file, 'r', encoding='utf-8') as f:
            config = yaml.safe_load(f)
    
        self.assertIn('servers', config)
>       self.assertIn('test-ssh-server', config['servers'])
E       AssertionError: 'test-ssh-server' not found in {'test_server': {'auto_sync_enabled': False, 'docker_config': {}, 'docker_enabled': False, 'host': '127.0.0.1', 'port': 22, 'sync_config': {}, 'username': 'user'}}

python/tests/tool_connect_server/test_fully_automated_interactive.py:78: AssertionError
___ TestFullyAutomatedInteractive.test_smart_input_error_recovery_automation ___

self = <python.tests.tool_connect_server.test_fully_automated_interactive.TestFullyAutomatedInteractive testMethod=test_smart_input_error_recovery_automation>

    def test_smart_input_error_recovery_automation(self):
        """æµ‹è¯•æ™ºèƒ½è¾“å…¥çš„é”™è¯¯æ¢å¤è‡ªåŠ¨åŒ–"""
        # æ¨¡æ‹Ÿç”¨æˆ·è¾“å…¥é”™è¯¯ç„¶åçº æ­£çš„åœºæ™¯
        user_inputs = [
            '1',                        # é€‰æ‹©å¼•å¯¼é…ç½®
            'test-error-recovery',      # æœåŠ¡å™¨åç§°
            'invalid host with spaces', # æ— æ•ˆçš„æœåŠ¡å™¨åœ°å€ï¼ˆç¬¬ä¸€æ¬¡ï¼‰
            '192.168.1.102',            # æ­£ç¡®çš„æœåŠ¡å™¨åœ°å€ï¼ˆç¬¬äºŒæ¬¡ï¼‰
            'a',                        # æ— æ•ˆçš„ç”¨æˆ·åï¼ˆå¤ªçŸ­ï¼‰
            'validuser',                # æ­£ç¡®çš„ç”¨æˆ·å
            '99999',                    # æ— æ•ˆçš„ç«¯å£å·
            '22',                       # æ­£ç¡®çš„ç«¯å£å·
            '1',                        # é€‰æ‹©SSHè¿æ¥ç±»å‹
            'Error Recovery Test',      # æœåŠ¡å™¨æè¿°
            'n',                        # ä¸å¯ç”¨Docker
            'y'                         # ç¡®è®¤ä¿å­˜é…ç½®
        ]
        all_inputs = itertools.chain(user_inputs, itertools.repeat('22'))
        def input_side_effect(prompt):
            if "ç«¯å£" in str(prompt) or "port" in str(prompt):
                return "22"
            try:
                return next(all_inputs)
            except StopIteration:
                return ""
        with patch('builtins.input', side_effect=input_side_effect):
            with patch('sys.stdout', new_callable=StringIO) as mock_stdout:
                result = self.config_manager.guided_setup()
                output = mock_stdout.getvalue()
    
        # éªŒè¯é…ç½®æœ€ç»ˆæˆåŠŸ
        self.assertTrue(result, "é”™è¯¯æ¢å¤åçš„é…ç½®åº”è¯¥æˆåŠŸ")
    
        # éªŒè¯é”™è¯¯æç¤ºå‡ºç°åœ¨è¾“å‡ºä¸­
>       self.assertIn('è¾“å…¥éªŒè¯å¤±è´¥', output)
E       AssertionError: 'è¾“å…¥éªŒè¯å¤±è´¥' not found in ''

python/tests/tool_connect_server/test_fully_automated_interactive.py:217: AssertionError
______ TestInputValidationAutomation.test_hostname_validation_automation _______

self = <python.tests.tool_connect_server.test_fully_automated_interactive.TestInputValidationAutomation testMethod=test_hostname_validation_automation>

    def test_hostname_validation_automation(self):
        """æµ‹è¯•ä¸»æœºåéªŒè¯çš„è‡ªåŠ¨åŒ–"""
        invalid_then_valid_inputs = [
            'invalid host',         # åŒ…å«ç©ºæ ¼
            '192.168.1.999',        # æ— æ•ˆIP
            'host..invalid',        # åŒç‚¹
            'valid-host.com'        # æœ‰æ•ˆä¸»æœºå
        ]
        inputs_iter = iter(invalid_then_valid_inputs)
        def smart_input_side_effect(prompt, validator=None, example=None, default=None):
            try:
                return next(inputs_iter)
            except StopIteration:
                return "valid-host.com"
        from io import StringIO
        with patch('sys.stdout', new_callable=StringIO) as mock_stdout, \
             patch.object(EnhancedConfigManager, 'smart_input', side_effect=smart_input_side_effect):
            result = self.config_manager.smart_input(
                "ğŸŒ æœåŠ¡å™¨åœ°å€",
                validator=self.config_manager.validate_hostname
            )
            output = mock_stdout.getvalue()
>       self.assertEqual(result, 'valid-host.com')
E       AssertionError: 'invalid host' != 'valid-host.com'
E       - invalid host
E       + valid-host.com

python/tests/tool_connect_server/test_fully_automated_interactive.py:273: AssertionError
________ TestInputValidationAutomation.test_port_validation_automation _________

self = <python.tests.tool_connect_server.test_fully_automated_interactive.TestInputValidationAutomation testMethod=test_port_validation_automation>

    def test_port_validation_automation(self):
        """æµ‹è¯•ç«¯å£éªŒè¯çš„è‡ªåŠ¨åŒ–"""
        invalid_then_valid_inputs = [
            '0',            # ç«¯å£å·å¤ªå°
            '99999',        # ç«¯å£å·å¤ªå¤§
            'abc',          # éæ•°å­—
            '22'            # æœ‰æ•ˆç«¯å£
        ]
        inputs_iter = iter(invalid_then_valid_inputs)
        def smart_input_side_effect(prompt, validator=None, example=None, default=None):
            try:
                return next(inputs_iter)
            except StopIteration:
                return "22"
        from io import StringIO
        with patch('sys.stdout', new_callable=StringIO) as mock_stdout, \
             patch.object(EnhancedConfigManager, 'smart_input', side_effect=smart_input_side_effect):
            result = self.config_manager.smart_input(
                "ğŸ”Œ SSHç«¯å£",
                validator=self.config_manager.validate_port
            )
            output = mock_stdout.getvalue()
>       self.assertEqual(result, '22')
E       AssertionError: '0' != '22'
E       - 0
E       + 22

python/tests/tool_connect_server/test_fully_automated_interactive.py:299: AssertionError
____________________ test_interactive_create_server_config _____________________

    def test_interactive_create_server_config():
        # æµ‹è¯•å‰æ¸…ç†
        if os.path.exists(TEST_CONFIG_PATH):
            os.remove(TEST_CONFIG_PATH)
        # patch input å®ç°è‡ªåŠ¨åŒ–äº¤äº’
        with patch("builtins.input", side_effect=MOCK_INPUTS):
            manager = EnhancedConfigManager(config_path=TEST_CONFIG_PATH, force_interactive=True)
            with patch.object(manager.ia, 'smart_input', side_effect=lambda prompt, **kwargs: "22" if "ç«¯å£" in prompt else (MOCK_INPUTS.pop(0) if MOCK_INPUTS else "test")):
                manager.guided_setup()
        # æ ¡éªŒé…ç½®å†…å®¹
        actual = load_yaml(TEST_CONFIG_PATH)
        expected = load_yaml(EXPECTED_CONFIG_PATH)
>       assert actual == expected, f"é…ç½®å†…å®¹ä¸ä¸€è‡´\nå®é™…: {actual}\né¢„æœŸ: {expected}"
E       AssertionError: é…ç½®å†…å®¹ä¸ä¸€è‡´
E         å®é™…: {'servers': {'test_server': {'auto_sync_enabled': False, 'docker_config': {}, 'docker_enabled': False, 'host': '127.0.0.1', 'port': 22, 'sync_config': {}, 'username': 'user'}}}
E         é¢„æœŸ: {'servers': {'test_server_001': {'host': 'test-host-001', 'username': 'testuser', 'port': 22, 'docker_enabled': False, 'docker_config': {}, 'auto_sync_enabled': False, 'sync_config': {}}}}
E       assert {'servers': {...0.0.1', ...}}} == {'servers': {...t-001', ...}}}
E         
E         Differing items:
E         {'servers': {'test_server': {'auto_sync_enabled': False, 'docker_config': {}, 'docker_enabled': False, 'host': '127.0.0.1', ...}}} != {'servers': {'test_server_001': {'auto_sync_enabled': False, 'docker_config': {}, 'docker_enabled': False, 'host': 'test-host-001', ...}}}
E         
E         Full diff:
E           {
E               'servers': {...
E         
E         ...Full output truncated (18 lines hidden), use '-vv' to show

tests/tool_add_server_config/test_interactive_create_server_config.py:49: AssertionError
________________ test_interactive_create_server_config_prefill _________________

    def test_interactive_create_server_config_prefill():
        # æµ‹è¯•å‰æ¸…ç†
        if os.path.exists(TEST_CONFIG_PATH):
            os.remove(TEST_CONFIG_PATH)
        # é¢„å¡«å‚æ•°
        prefill = {
            'name': 'hg225',
            'host': '192.168.1.225',
            'username': 'admin',
        }
        with patch("builtins.input", side_effect=MOCK_INPUTS):
            manager = EnhancedConfigManager(config_path=TEST_CONFIG_PATH, force_interactive=True)
            with patch.object(manager.ia, 'smart_input', side_effect=lambda prompt, **kwargs: "22" if "ç«¯å£" in prompt else (MOCK_INPUTS.pop(0) if MOCK_INPUTS else "test")):
                manager.guided_setup(prefill=prefill)
        # æ ¡éªŒé…ç½®å†…å®¹
        actual = load_yaml(TEST_CONFIG_PATH)
        expected = load_yaml(EXPECTED_CONFIG_PATH)
>       assert actual == expected, f"é…ç½®å†…å®¹ä¸ä¸€è‡´\nå®é™…: {actual}\né¢„æœŸ: {expected}"
E       AssertionError: é…ç½®å†…å®¹ä¸ä¸€è‡´
E         å®é™…: {'servers': {'test_server': {'auto_sync_enabled': False, 'docker_config': {}, 'docker_enabled': False, 'host': '192.168.1.225', 'name': 'hg225', 'port': 22, 'sync_config': {}, 'username': 'admin'}}}
E         é¢„æœŸ: {'servers': {'hg225': {'host': '192.168.1.225', 'username': 'admin', 'port': 22, 'docker_enabled': False, 'docker_config': {}, 'auto_sync_enabled': False, 'sync_config': {}}}}
E       assert {'servers': {...1.225', ...}}} == {'servers': {...1.225', ...}}}
E         
E         Differing items:
E         {'servers': {'test_server': {'auto_sync_enabled': False, 'docker_config': {}, 'docker_enabled': False, 'host': '192.168.1.225', ...}}} != {'servers': {'hg225': {'auto_sync_enabled': False, 'docker_config': {}, 'docker_enabled': False, 'host': '192.168.1.225', ...}}}
E         
E         Full diff:
E           {
E               'servers': {...
E         
E         ...Full output truncated (13 lines hidden), use '-vv' to show

tests/tool_add_server_config/test_interactive_create_server_config_prefill.py:51: AssertionError
=========================== short test summary info ============================
FAILED python/tests/tool_connect_server/test_fix_interactive_startup_requirement_20241222.py::TestInteractiveStartupRequirement::test_create_server_config_must_start_interactive_interface
FAILED python/tests/tool_connect_server/test_fix_interactive_startup_requirement_20241222.py::TestInteractiveStartupRequirement::test_interactive_startup_with_minimal_params
FAILED python/tests/tool_connect_server/test_fully_automated_interactive.py::TestFullyAutomatedInteractive::test_guided_setup_docker_server_full_automation
FAILED python/tests/tool_connect_server/test_fully_automated_interactive.py::TestFullyAutomatedInteractive::test_guided_setup_relay_server_full_automation
FAILED python/tests/tool_connect_server/test_fully_automated_interactive.py::TestFullyAutomatedInteractive::test_guided_setup_ssh_server_full_automation
FAILED python/tests/tool_connect_server/test_fully_automated_interactive.py::TestFullyAutomatedInteractive::test_smart_input_error_recovery_automation
FAILED python/tests/tool_connect_server/test_fully_automated_interactive.py::TestInputValidationAutomation::test_hostname_validation_automation
FAILED python/tests/tool_connect_server/test_fully_automated_interactive.py::TestInputValidationAutomation::test_port_validation_automation
FAILED tests/tool_add_server_config/test_interactive_create_server_config.py::test_interactive_create_server_config
FAILED tests/tool_add_server_config/test_interactive_create_server_config_prefill.py::test_interactive_create_server_config_prefill
!!!!!!!!!!!!!!!!!!!!!!!!!! stopping after 10 failures !!!!!!!!!!!!!!!!!!!!!!!!!!
=========== 10 failed, 128 passed, 2 skipped, 23 warnings in 14.95s ============
